This is pdfTeXk, Version 3.141592-1.40.3 (Web2C 7.5.6) (format=pdflatex 2008.11.6)  27 NOV 2008 12:47
entering extended mode
 %&-line parsing enabled.
**EscardoMH-1995.tex EscardoMH-1996.tex EscardoMH-1997.tex EscardoMH-1998.tex E
scardoMH-1999.tex EscardoMH-2000.tex EscardoMH-2001.tex EscardoMH-2002.tex Esca
rdoMH-2003.tex EscardoMH-2004.tex EscardoMH-2005.tex EscardoMH-2006.tex Escardo
MH-2007.tex EscardoMH-2008.tex EscardoMH.tex
(./EscardoMH-1995.tex
LaTeX2e <2005/12/01>
Babel <v3.8h> and hyphenation patterns for english, usenglishmax, dumylang, noh
yphenation, croatian, ukrainian, russian, bulgarian, czech, slovak, danish, dut
ch, finnish, basque, french, german, ngerman, ibycus, greek, monogreek, ancient
greek, hungarian, italian, latin, mongolian, norsk, icelandic, interlingua, tur
kish, coptic, romanian, welsh, serbian, slovenian, estonian, esperanto, upperso
rbian, indonesian, polish, portuguese, spanish, catalan, galician, swedish, loa
ded.
! Undefined control sequence.
l.1 \section
            *{1995}
? x
 
Here is how much of TeX's memory you used:
 5 strings out of 94101
 167 string characters out of 1165810
 47703 words of memory out of 1500000
 3383 multiletter control sequences out of 10000+50000
 3640 words of font info for 14 fonts, out of 1200000 for 2000
 637 hyphenation exceptions out of 8191
 5i,0n,1p,299b,8s stack positions out of 5000i,500n,6000p,200000b,5000s
No pages of output.
PDF statistics:
 0 PDF objects out of 1000 (max. 8388607)
 0 named destinations out of 1000 (max. 131072)
 1 words of extra memory for PDF output out of 10000 (max. 10000000)

