This is pdfTeXk, Version 3.141592-1.40.3 (Web2C 7.5.6) (format=latex 2008.11.6)  27 NOV 2008 13:00
entering extended mode
 %&-line parsing enabled.
**EscardoMH
(./EscardoMH.tex
LaTeX2e <2005/12/01>
Babel <v3.8h> and hyphenation patterns for english, usenglishmax, dumylang, noh
yphenation, croatian, ukrainian, russian, bulgarian, czech, slovak, danish, dut
ch, finnish, basque, french, german, ngerman, ibycus, greek, monogreek, ancient
greek, hungarian, italian, latin, mongolian, norsk, icelandic, interlingua, tur
kish, coptic, romanian, welsh, serbian, slovenian, estonian, esperanto, upperso
rbian, indonesian, polish, portuguese, spanish, catalan, galician, swedish, loa
ded.
(/usr/share/texmf-texlive/tex/latex/base/article.cls
Document Class: article 2005/09/16 v1.4f Standard LaTeX document class
(/usr/share/texmf-texlive/tex/latex/base/size11.clo
File: size11.clo 2005/09/16 v1.4f Standard LaTeX file (size option)
)
\c@part=\count79
\c@section=\count80
\c@subsection=\count81
\c@subsubsection=\count82
\c@paragraph=\count83
\c@subparagraph=\count84
\c@figure=\count85
\c@table=\count86
\abovecaptionskip=\skip41
\belowcaptionskip=\skip42
\bibindent=\dimen102
)
(/usr/share/texmf-texlive/tex/generic/babel/babel.sty
Package: babel 2005/11/23 v3.8h The Babel package

(/usr/share/texmf-texlive/tex/generic/babel/english.ldf
Language: english 2005/03/30 v3.3o English support from the babel system

(/usr/share/texmf-texlive/tex/generic/babel/babel.def
File: babel.def 2005/11/23 v3.8h Babel common definitions
\babel@savecnt=\count87
\U@D=\dimen103
)
\l@british = a dialect from \language\l@english 
\l@UKenglish = a dialect from \language\l@english 
\l@canadian = a dialect from \language\l@american 
\l@australian = a dialect from \language\l@british 
\l@newzealand = a dialect from \language\l@british 
)) (./chapterbib.sty
\c@inputfile=\count88
Package: chapterbib 2004/02/29  v 1.11
)
(/usr/share/texmf-texlive/tex/latex/ltxmisc/url.sty
\Urlmuskip=\muskip10
Package: url 2005/06/27  ver 3.2  Verb mode for urls, etc.
)
(/usr/share/texmf-texlive/tex/latex/hyperref/hyperref.sty
Package: hyperref 2007/02/07 v6.75r Hypertext links for LaTeX

(/usr/share/texmf-texlive/tex/latex/graphics/keyval.sty
Package: keyval 1999/03/16 v1.13 key=value parser (DPC)
\KV@toks@=\toks14
)
\@linkdim=\dimen104
\Hy@linkcounter=\count89
\Hy@pagecounter=\count90

(/usr/share/texmf-texlive/tex/latex/hyperref/pd1enc.def
File: pd1enc.def 2007/02/07 v6.75r Hyperref: PDFDocEncoding definition (HO)
)
(/etc/texmf/tex/latex/config/hyperref.cfg
File: hyperref.cfg 2002/06/06 v1.2 hyperref configuration of TeXLive
)
(/usr/share/texmf-texlive/tex/latex/oberdiek/kvoptions.sty
Package: kvoptions 2006/08/22 v2.4 Connects package keyval with LaTeX options (
HO)
)
Package hyperref Info: Option `raiselinks' set `false' on input line 2238.
Package hyperref Info: Option `plainpages' set `false' on input line 2238.
Package hyperref Info: Option `pdfpagelabels' set `true' on input line 2238.
Package hyperref Info: Option `naturalnames' set `true' on input line 2238.
Package hyperref Info: Option `colorlinks' set `true' on input line 2238.
Package hyperref Info: Option `bookmarksopen' set `true' on input line 2238.
Package hyperref Info: Option `hyperindex' set `true' on input line 2238.
Package hyperref Info: Hyper figures OFF on input line 2288.
Package hyperref Info: Link nesting OFF on input line 2293.
Package hyperref Info: Hyper index ON on input line 2296.
Package hyperref Info: Plain pages OFF on input line 2303.
Package hyperref Info: Backreferencing ON on input line 2306.

Implicit mode ON; LaTeX internals redefined
Package hyperref Info: Bookmarks ON on input line 2444.
(/usr/share/texmf-texlive/tex/latex/hyperref/backref.sty
Package: backref 2006/10/06 v1.27 Bibliographical back referencing
)
LaTeX Info: Redefining \url on input line 2599.
\Fld@menulength=\count91
\Field@Width=\dimen105
\Fld@charsize=\dimen106
\Choice@toks=\toks15
\Field@toks=\toks16
Package hyperref Info: Hyper figures OFF on input line 3102.
Package hyperref Info: Link nesting OFF on input line 3107.
Package hyperref Info: Hyper index ON on input line 3110.
Package hyperref Info: backreferencing ON on input line 3115.
Package hyperref Info: Link coloring ON on input line 3120.
\Hy@abspage=\count92
\c@Item=\count93
\c@Hfootnote=\count94
)
*hyperref using default driver hdvips*
(/usr/share/texmf-texlive/tex/latex/hyperref/hdvips.def
File: hdvips.def 2007/02/07 v6.75r Hyperref driver for dvips

(/usr/share/texmf-texlive/tex/latex/hyperref/pdfmark.def
File: pdfmark.def 2007/02/07 v6.75r Hyperref definitions for pdfmark specials
\pdf@docset=\toks17
\pdf@box=\box26
\pdf@toks=\toks18
\pdf@defaulttoks=\toks19
\Fld@listcount=\count95
)) (./EscardoMH.aux
(./EscardoMH-2008.aux) (./EscardoMH-2007.aux) (./EscardoMH-2006.aux)
(./EscardoMH-2005.aux) (./EscardoMH-2004.aux) (./EscardoMH-2003.aux)
(./EscardoMH-2002.aux) (./EscardoMH-2001.aux) (./EscardoMH-2000.aux)
(./EscardoMH-1999.aux) (./EscardoMH-1998.aux) (./EscardoMH-1997.aux)
(./EscardoMH-1996.aux) (./EscardoMH-1995.aux))
\openout1 = `EscardoMH.aux'.

LaTeX Font Info:    Checking defaults for OML/cmm/m/it on input line 23.
LaTeX Font Info:    ... okay on input line 23.
LaTeX Font Info:    Checking defaults for T1/cmr/m/n on input line 23.
LaTeX Font Info:    ... okay on input line 23.
LaTeX Font Info:    Checking defaults for OT1/cmr/m/n on input line 23.
LaTeX Font Info:    ... okay on input line 23.
LaTeX Font Info:    Checking defaults for OMS/cmsy/m/n on input line 23.
LaTeX Font Info:    ... okay on input line 23.
LaTeX Font Info:    Checking defaults for OMX/cmex/m/n on input line 23.
LaTeX Font Info:    ... okay on input line 23.
LaTeX Font Info:    Checking defaults for U/cmr/m/n on input line 23.
LaTeX Font Info:    ... okay on input line 23.
LaTeX Font Info:    Checking defaults for PD1/pdf/m/n on input line 23.
LaTeX Font Info:    ... okay on input line 23.

(/usr/share/texmf-texlive/tex/latex/graphics/color.sty
Package: color 2005/11/14 v1.0j Standard LaTeX Color (DPC)

(/etc/texmf/tex/latex/config/color.cfg
File: color.cfg 2007/01/18 v1.5 color configuration of teTeX/TeXLive
)
Package color Info: Driver file: dvips.def on input line 130.

(/usr/share/texmf-texlive/tex/latex/graphics/dvips.def
File: dvips.def 1999/02/16 v3.0i Driver-dependant file (DPC,SPQR)
)
(/usr/share/texmf-texlive/tex/latex/graphics/dvipsnam.def
File: dvipsnam.def 1999/02/16 v3.0i Driver-dependant file (DPC,SPQR)
))
Package hyperref Info: Link coloring ON on input line 23.

(/usr/share/texmf-texlive/tex/latex/hyperref/nameref.sty
Package: nameref 2006/12/27 v2.28 Cross-referencing by name of section

(/usr/share/texmf-texlive/tex/latex/oberdiek/refcount.sty
Package: refcount 2006/02/20 v3.0 Data extraction from references (HO)
)
\c@section@level=\count96
)
LaTeX Info: Redefining \ref on input line 23.
LaTeX Info: Redefining \pageref on input line 23.
 (./EscardoMH.out)
(./EscardoMH.out)
\@outlinefile=\write3
\openout3 = `EscardoMH.out'.

LaTeX Font Info:    External font `cmex10' loaded for size
(Font)              <12> on input line 26.
LaTeX Font Info:    External font `cmex10' loaded for size
(Font)              <8> on input line 26.
LaTeX Font Info:    External font `cmex10' loaded for size
(Font)              <6> on input line 26.
LaTeX Font Info:    External font `cmex10' loaded for size
(Font)              <10.95> on input line 27.
 (./EscardoMH-2008.tex (./EscardoMH-2008.bbl (./EscardoMH.brf)
\tf@brf=\write4
\openout4 = `EscardoMH.brf'.

)) (./EscardoMH-2007.tex (./EscardoMH-2007.bbl (./EscardoMH.brf)
\tf@brf=\write5
\openout5 = `EscardoMH.brf'.

))
(./EscardoMH-2006.tex (./EscardoMH-2006.bbl (./EscardoMH.brf)
\tf@brf=\write6
\openout6 = `EscardoMH.brf'.

 [1

]))
(./EscardoMH-2005.tex (./EscardoMH-2005.bbl (./EscardoMH.brf)
\tf@brf=\write7
\openout7 = `EscardoMH.brf'.

))
(./EscardoMH-2004.tex (./EscardoMH-2004.bbl (./EscardoMH.brf)
\tf@brf=\write8
\openout8 = `EscardoMH.brf'.

 [2]))
(./EscardoMH-2003.tex (./EscardoMH-2003.bbl (./EscardoMH.brf)
\tf@brf=\write9
\openout9 = `EscardoMH.brf'.

))
(./EscardoMH-2002.tex (./EscardoMH-2002.bbl (./EscardoMH.brf)
\tf@brf=\write10
\openout10 = `EscardoMH.brf'.

))
(./EscardoMH-2001.tex (./EscardoMH-2001.bbl (./EscardoMH.brf [3])
\tf@brf=\write11
\openout11 = `EscardoMH.brf'.

))
(./EscardoMH-2000.tex (./EscardoMH-2000.bbl (./EscardoMH.brf)
\tf@brf=\write12
\openout12 = `EscardoMH.brf'.

))
(./EscardoMH-1999.tex (./EscardoMH-1999.bbl (./EscardoMH.brf)
\tf@brf=\write13
\openout13 = `EscardoMH.brf'.

))
(./EscardoMH-1998.tex (./EscardoMH-1998.bbl (./EscardoMH.brf)
\tf@brf=\write14
\openout14 = `EscardoMH.brf'.

 [4]))
(./EscardoMH-1997.tex (./EscardoMH-1997.bbl (./EscardoMH.brf)
\tf@brf=\write15
\openout15 = `EscardoMH.brf'.

 [5]))
(./EscardoMH-1996.tex (./EscardoMH-1996.bbl (./EscardoMH.brf)
! No room for a new \write .
\ch@ck ...\else \errmessage {No room for a new #3}
                                                  \fi 
l.1 \begin{thebibliography}
                           {1}
? q
OK, entering \batchmode...
\tf@brf=\write16
! Bad number (16).
<recently read> \tf@brf 
                        
l.1 \begin{thebibliography}
                           {1}
Since I expected to read a number between 0 and 15,
I changed this one to zero.

\openout0 = `EscardoMH.brf'.

)) (./EscardoMH-1995.tex (./EscardoMH-1995.bbl (./EscardoMH.brf)
! No room for a new \write .
\ch@ck ...\else \errmessage {No room for a new #3}
                                                  \fi 
l.1 \begin{thebibliography}
                           {1}
This error message was generated by an \errmessage
command, so I can't give any explicit help.
Pretend that you're Hercule Poirot: Examine all clues,
and deduce the truth by order and method.

\tf@brf=\write17
! Bad number (17).
<recently read> \tf@brf 
                        
l.1 \begin{thebibliography}
                           {1}
Since I expected to read a number between 0 and 15,
I changed this one to zero.

\openout0 = `EscardoMH.brf'.

)) [6] (./EscardoMH.aux) ) 
Here is how much of TeX's memory you used:
 3252 strings out of 94102
 49353 string characters out of 1165833
 105293 words of memory out of 1500000
 6411 multiletter control sequences out of 10000+50000
 8710 words of font info for 31 fonts, out of 1200000 for 2000
 637 hyphenation exceptions out of 8191
 25i,6n,35p,288b,464s stack positions out of 5000i,500n,6000p,200000b,5000s

Output written on EscardoMH.dvi (6 pages, 29664 bytes).
