This is TeX, Version 3.1415 (C version 6.1) (format=latex 96.3.15)  19 MAY 1999 21:45
**bibliography.tex
(bibliography.tex
LaTeX2e <1995/12/01> patch level 1
Hyphenation patterns for english, american, german, francais, italian, polish, 
danish, spanish, dutch, portuges, loaded.
(/usr/local/lib/TeX/tex/latex/local/reports/cs4rep.cls
Document Class: cs4rep 1995/02/02 DCS CS4 Report class
(/usr/local/lib/TeX/tex/latex/base/report.cls
Document Class: report 1995/12/20 v1.3q Standard LaTeX document class
(/usr/local/lib/TeX/tex/latex/base/size12.clo
File: size12.clo 1995/12/20 v1.3q Standard LaTeX file (size option)
)
\c@part=\count79
\c@chapter=\count80
\c@section=\count81
\c@subsection=\count82
\c@subsubsection=\count83
\c@paragraph=\count84
\c@subparagraph=\count85
\c@figure=\count86
\c@table=\count87
\abovecaptionskip=\skip41
\belowcaptionskip=\skip42
\bibindent=\dimen102
)
(/usr/local/lib/TeX/tex/latex/misc/a4.sty
Package: a4 1995/08/10 v1.2d A4 based page layout
))
(/usr/local/lib/TeX/tex/latex/fonts/public/stmary/stmaryrd.sty
Package: stmaryrd 1994/03/03 St Mary's Road symbol package
\symstmry=\mathgroup4
LaTeX Font Info:    Overwriting symbol font `stmry' in version `bold'
(Font)                  U/stmry/m/n --> U/stmry/b/n on input line 80.
)
(bibliography.aux)
LaTeX Font Info:    Checking defaults for OML/cmm/m/it on input line 5.
LaTeX Font Info:    ... okay on input line 5.
LaTeX Font Info:    Checking defaults for T1/cmr/m/n on input line 5.
LaTeX Font Info:    ... okay on input line 5.
LaTeX Font Info:    Checking defaults for OT1/cmr/m/n on input line 5.
LaTeX Font Info:    ... okay on input line 5.
LaTeX Font Info:    Checking defaults for OMS/cmsy/m/n on input line 5.
LaTeX Font Info:    ... okay on input line 5.
LaTeX Font Info:    Checking defaults for OMX/cmex/m/n on input line 5.
LaTeX Font Info:    ... okay on input line 5.
LaTeX Font Info:    Checking defaults for U/cmr/m/n on input line 5.
LaTeX Font Info:    ... okay on input line 5.

Underfull \hbox (badness 10000) in paragraph at lines 8--9
[][]\OT1/cmr/m/n/12 Mart^^S^^Pn Es-card^^So. \OT1/cmr/m/it/12 Ef-fect-ive and s
e-quen-tial defin-i-tion by cases on
 []


Underfull \hbox (badness 3049) in paragraph at lines 8--9
\OT1/cmr/m/it/12 the reals via in-fin-ite signed-digit nu-mer-als. \OT1/cmr/m/n
/12 In Elec-tronic Notes in
 []


Underfull \hbox (badness 10000) in paragraph at lines 8--9
\OT1/cmr/m/n/12 The-or-et-ical Com-puter Sci-ence, volume 13. Avail-able from U
RL
 []


Underfull \hbox (badness 10000) in paragraph at lines 9--10
[][]\OT1/cmr/m/n/12 Pietro Di Gi-an-to-nio. A Golden Ra-tio Nota-tion for the
 []


Underfull \hbox (badness 10000) in paragraph at lines 9--10
\OT1/cmr/m/n/12 Real Num-bers. CWI Tech-nical Re-port. Availible from
 []

[1


]
Underfull \hbox (badness 10000) in paragraph at lines 20--21
[][]\OT1/cmr/m/n/12 P.J. Potts. Com-put-able Real Arith-matic Us-ing Lin-ear Fr
ac-
 []


Underfull \hbox (badness 3108) in paragraph at lines 20--21
\OT1/cmr/m/n/12 tional Trans-form-a-tions. \OT1/cmr/m/it/12 Im-per-ial Col-lege
 of Sci-ence. \OT1/cmr/m/n/12 Avail-able from
 []


Underfull \hbox (badness 1946) in paragraph at lines 21--22
[][]\OT1/cmr/m/n/12 A.Edalat, P.J. Potts. A New Rep-res-ent-a-tion for Ex-act R
eal Num-
 []


Underfull \hbox (badness 10000) in paragraph at lines 23--24
[][]\OT1/cmr/m/n/12 P.J. Potts, A. Edalat. Ex-act Real Com-puter Arith-matic. \
OT1/cmr/m/it/12 De-
 []


Underfull \hbox (badness 10000) in paragraph at lines 23--24
\OT1/cmr/m/it/12 part-ment of Com-put-ing, Im-per-ial Col-lege. \OT1/cmr/m/n/12
 Avail-able from
 []

[2] (bibliography.aux)

LaTeX Warning: Label(s) may have changed. Rerun to get cross-references right.

 ) 
Here is how much of TeX's memory you used:
 430 strings out of 10825
 4431 string characters out of 72028
 49272 words of memory out of 262141
 3363 multiletter control sequences out of 9500
 4891 words of font info for 18 fonts, out of 200000 for 450
 73 hyphenation exceptions out of 607
 27i,4n,23p,346b,249s stack positions out of 300i,40n,60p,3000b,4000s

Output written on bibliography.dvi (2 pages, 4968 bytes).
