This is TeX, Version 3.1415 (C version 6.1) (format=latex 96.3.15)  7 JUN 1999 13:03
**finrepv1
(finrepv1.tex
LaTeX2e <1995/12/01> patch level 1
Hyphenation patterns for english, american, german, francais, italian, polish, 
danish, spanish, dutch, portuges, loaded.
(/usr/local/lib/TeX/tex/latex/local/reports/cs4rep.cls
Document Class: cs4rep 1995/02/02 DCS CS4 Report class
(/usr/local/lib/TeX/tex/latex/base/report.cls
Document Class: report 1995/12/20 v1.3q Standard LaTeX document class
(/usr/local/lib/TeX/tex/latex/base/size12.clo
File: size12.clo 1995/12/20 v1.3q Standard LaTeX file (size option)
)
\c@part=\count79
\c@chapter=\count80
\c@section=\count81
\c@subsection=\count82
\c@subsubsection=\count83
\c@paragraph=\count84
\c@subparagraph=\count85
\c@figure=\count86
\c@table=\count87
\abovecaptionskip=\skip41
\belowcaptionskip=\skip42
\bibindent=\dimen102
)
(/usr/local/lib/TeX/tex/latex/misc/a4.sty
Package: a4 1995/08/10 v1.2d A4 based page layout
))
(/usr/local/lib/TeX/tex/latex/fonts/public/stmary/stmaryrd.sty
Package: stmaryrd 1994/03/03 St Mary's Road symbol package
\symstmry=\mathgroup4
LaTeX Font Info:    Overwriting symbol font `stmry' in version `bold'
(Font)                  U/stmry/m/n --> U/stmry/b/n on input line 80.
)
(/usr/local/lib/TeX/tex/latex/amsfonts/amsfonts.sty
Package: amsfonts 1995/02/01 v2.2b
\@emptytoks=\toks15
\symAMSa=\mathgroup5
\symAMSb=\mathgroup6
LaTeX Font Info:    Overwriting math alphabet `\mathfrak' in version `bold'
(Font)                  U/euf/m/n --> U/euf/b/n on input line 128.
) (finrepv1.aux)
LaTeX Font Info:    Checking defaults for OML/cmm/m/it on input line 5.
LaTeX Font Info:    ... okay on input line 5.
LaTeX Font Info:    Checking defaults for T1/cmr/m/n on input line 5.
LaTeX Font Info:    ... okay on input line 5.
LaTeX Font Info:    Checking defaults for OT1/cmr/m/n on input line 5.
LaTeX Font Info:    ... okay on input line 5.
LaTeX Font Info:    Checking defaults for OMS/cmsy/m/n on input line 5.
LaTeX Font Info:    ... okay on input line 5.
LaTeX Font Info:    Checking defaults for OMX/cmex/m/n on input line 5.
LaTeX Font Info:    ... okay on input line 5.
LaTeX Font Info:    Checking defaults for U/cmr/m/n on input line 5.
LaTeX Font Info:    ... okay on input line 5.
LaTeX Font Info:    Try loading font information for U+stmry on input line 30.

(/usr/local/lib/TeX/tex/latex/fonts/public/stmary/Ustmry.fd)
LaTeX Font Info:    Try loading font information for U+msa on input line 30.

(/usr/local/lib/TeX/tex/latex/amsfonts/Umsa.fd
File: Umsa.fd 1995/01/05 v2.2e AMS font definitions
)
LaTeX Font Info:    Try loading font information for U+msb on input line 30.

(/usr/local/lib/TeX/tex/latex/amsfonts/Umsb.fd
File: Umsb.fd 1995/01/05 v2.2e AMS font definitions
) [1

] [2

] [3] [4

] (finrepv1.toc
[5])
\tf@toc=\write3
 [6]
\c@myprop=\count88

 1.
[1


] [2] [3]
Underfull \vbox (badness 10000) has occurred while \output is active []

 [4]
[5] [6] [7] [8

]
 2.
LaTeX Font Info:    Try loading font information for OMS+cmr on input line 494.

(/usr/local/lib/TeX/tex/latex/base/OMScmr.fd
File: OMScmr.fd 1995/12/20 v2.4f Standard LaTeX font definitions
)
LaTeX Font Info:    Font shape `OMS/cmr/m/n' in size <12> not available
(Font)              Font shape `OMS/cmsy/m/n' tried instead on input line 494.
 [9] [10] [11] [12]
Overfull \hbox (68.2847pt too wide) in paragraph at lines 698--699
[]\OT1/cmr/m/n/12 We know by our In-duct-ive Hy-po-thesis $[][] [] = 2[]\OML/cm
m/m/it/12 :\OT1/cmr/m/n/12 (\OML/cmm/m/it/12 l:^^^ \OT1/cmr/m/n/12 + \OML/cmm/m
/it/12 m\OT1/cmr/m/n/12 )\OML/cmm/m/it/12 ; []l[]m:$ 
 []


Overfull \hbox (28.47884pt too wide) detected at line 709
[]
 []

[13] [14]
Overfull \hbox (94.57315pt too wide) detected at line 806
[]
 []

[15] [16]
 3.

Overfull \hbox (18.39885pt too wide) in paragraph at lines 901--912
[]\OT1/cmr/m/n/12 If we ask for \OT1/cmtt/m/n/12 from 0; \OT1/cmr/m/n/12 in Has
kell we get the in-fin-ite stream of di-gits \OT1/cmtt/m/n/12 [0,1,2,3,4,5,
 []

[17

]
Overfull \hbox (1.78644pt too wide) in paragraph at lines 972--972
[]        \OT1/cmtt/m/n/12 if (digit_1=1) andalso (digit_2=0) andalso (digit_3=
0) then[] 
 []


Overfull \hbox (32.66145pt too wide) in paragraph at lines 972--972
[]        \OT1/cmtt/m/n/12 else if (digit_1=0) andalso (digit_2=1) andalso (dig
it_3=1) then[] 
 []

[18] [19] [20

]
 4.
[21] [22] [23] [24] [25]
Overfull \hbox (0.79718pt too wide) in paragraph at lines 1382--1383
[]\OT1/cmr/m/n/12 For the above ex-ample, the al-gorithm would re-write $\OML/c
mm/m/it/12 ^^K$ \OT1/cmr/m/n/12 as $\OML/cmm/m/it/12 ^^K \OT1/cmr/m/n/12 = 0\OM
L/cmm/m/it/12 :\OT1/cmr/m/n/12 0110000000 []$,
 []

[26]
Overfull \hbox (57.38618pt too wide) detected at line 1431
[]
 []

[27] [28] [29] [30

]
 5.

Overfull \hbox (43.0249pt too wide) in paragraph at lines 1570--1580
[]$[]$ 
 []


Overfull \hbox (65.62473pt too wide) in paragraph at lines 1585--1589
\OT1/cmr/m/n/12 nota-tion, the ori-ginal proof of $[]$ 
 []


Overfull \hbox (5.26003pt too wide) in paragraph at lines 1602--1605
[]$[]$ 
 []


Overfull \hbox (27.38818pt too wide) detected at line 1629
[]
 []


Underfull \vbox (badness 10000) has occurred while \output is active []

 [31]
[32]
Overfull \hbox (72.00261pt too wide) detected at line 1741
[]
 []

[33] [34] [35] [36]
Overfull \hbox (22.05995pt too wide) in paragraph at lines 1949--1950
[][] 
 []

[37] [38]
Overfull \hbox (42.06575pt too wide) detected at line 2033
[]
 []

[39]
Overfull \hbox (5.11078pt too wide) detected at line 2112
\OT1/cmr/m/n/12 = [] = []
 []

[40] [41] [42]
 6.

Overfull \hbox (10.9506pt too wide) detected at line 2235
[]
 []

[43

] [44]
Overfull \hbox (3.15681pt too wide) in paragraph at lines 2334--2334
[]\OT1/cmr/bx/n/17.28 Conversion from GR nota-tion to Signed Bin-
 []


Overfull \hbox (14.97842pt too wide) in paragraph at lines 2353--2359
[][]\OT1/cmr/m/it/12 There ex-ists a com-put-able func-tion, GR[]to[]SB : $[]$,

 []

[45] [46] [47] [48

]
 7.

Overfull \hbox (3.77501pt too wide) in paragraph at lines 2492--2492
[]\OT1/cmr/bx/n/17.28 Finding the in-ter-sec-tion of a nes-ted se-quence
 []


Overfull \hbox (26.19693pt too wide) in paragraph at lines 2538--2544
[][]\OT1/cmr/m/it/12 There ex-ists a com-put-able func-tion intersection:$[]$,
 []

[49] [50]
Overfull \hbox (39.47087pt too wide) has occurred while \output is active
\OT1/cmr/m/sl/12 7.1.  FINDING THE INTERSECTION OF A NESTED SEQUENCE OF INTERVA
LS \OT1/cmr/m/n/12 51
 []

[51] [52] [53]
Overfull \hbox (36.26982pt too wide) detected at line 2796
[]
 []

[54] [55] [56] [57] [58

]
 8.

Overfull \hbox (9.0473pt too wide) detected at line 3035
[]
 []

[59] [60] [61] [62] [63] [64] [65] [66]
 9.
[67

] [68] [69] [70]
Underfull \hbox (badness 1478) in paragraph at lines 3509--3513
[][]\OT1/cmr/m/n/12 A. Edalat, P.J. Potts. \OT1/cmr/m/it/12 A New Rep-res-ent-a
-tion for Ex-act Real Num-
 []


Underfull \hbox (badness 2368) in paragraph at lines 3509--3513
\OT1/cmr/m/it/12 bers. \OT1/cmr/m/n/12 Elec-tronic Notes in The-or-et-ical Com-
puter Sci-ence, volume 6.
 []


Underfull \hbox (badness 10000) in paragraph at lines 3514--3519
[][]\OT1/cmr/m/n/12 Mart^^S^^Pn Es-card^^So. \OT1/cmr/m/it/12 Ef-fect-ive and s
e-quen-tial defin-i-tion by cases on
 []


Underfull \hbox (badness 10000) in paragraph at lines 3514--3519
\OT1/cmr/m/it/12 the reals via in-fin-ite signed-digit nu-mer-als. \OT1/cmr/m/n
/12 In Elec-tronic Notes
 []


Underfull \hbox (badness 10000) in paragraph at lines 3514--3519
\OT1/cmr/m/n/12 in The-or-et-ical Com-puter Sci-ence, volume 13. Avail-able fro
m
 []


Underfull \hbox (badness 10000) in paragraph at lines 3520--3523
[][]\OT1/cmr/m/n/12 Pietro Di Gi-ananto-nio. \OT1/cmr/m/it/12 A Golden Ra-tio N
ota-tion for the
 []


Underfull \hbox (badness 10000) in paragraph at lines 3520--3523
\OT1/cmr/m/it/12 Real Num-bers. \OT1/cmr/m/n/12 CWI Tech-nical Re-port. Avail-a
ble from
 []

[71

] [72] (finrepv1.aux)

LaTeX Warning: Label(s) may have changed. Rerun to get cross-references right.

 ) 
Here is how much of TeX's memory you used:
 683 strings out of 10825
 7297 string characters out of 72028
 61286 words of memory out of 262141
 3558 multiletter control sequences out of 9500
 17501 words of font info for 68 fonts, out of 200000 for 450
 73 hyphenation exceptions out of 607
 27i,13n,23p,312b,322s stack positions out of 300i,40n,60p,3000b,4000s

Output written on finrepv1.dvi (78 pages, 257476 bytes).
