This is TeX, Version 3.1415 (C version 6.1) (format=latex 96.3.15)  28 OCT 1998 12:03
**handout1.tex
(handout1.tex
LaTeX2e <1995/12/01> patch level 1
Hyphenation patterns for english, american, german, francais, italian, polish, 
danish, spanish, dutch, portuges, loaded.
(/usr/local/lib/TeX/tex/latex/base/latex209.def
File: latex209.def 1995/12/08 v0.50 Standard LaTeX file

Entering LaTeX 2.09 compatibility mode.
\footheight=\dimen102
\@maxsep=\dimen103
\@dblmaxsep=\dimen104
\@cla=\count79
\@clb=\count80
\mscount=\count81
(/usr/local/lib/TeX/tex/latex/base/tracefnt.sty
Package: tracefnt 1995/11/28v3.0g Standard LaTeX package (font tracing)
\tracingfonts=\count82
LaTeX Info: Redefining \selectfont on input line 138.
)
\symbold=\mathgroup4
\symsans=\mathgroup5
\symtypewriter=\mathgroup6
\symitalic=\mathgroup7
\symsmallcaps=\mathgroup8
\symslanted=\mathgroup9
LaTeX Font Info:    Redeclaring math alphabet \mathbf on input line 299.
LaTeX Font Info:    Redeclaring math alphabet \mathsf on input line 300.
LaTeX Font Info:    Redeclaring math alphabet \mathtt on input line 301.
LaTeX Font Info:    Redeclaring math alphabet \mathit on input line 307.
LaTeX Info: Redefining \em on input line 317.

(/usr/local/lib/TeX/tex/latex/base/latexsym.sty
Package: latexsym 1995/11/28 v2.2c Standard LaTeX package (lasy symbols)
\symlasy=\mathgroup10
LaTeX Font Info:    Overwriting symbol font `lasy' in version `bold'
(Font)                  U/lasy/m/n --> U/lasy/b/n on input line 85.
)
LaTeX Font Info:    Redeclaring math delimiter \lgroup on input line 382.
LaTeX Font Info:    Redeclaring math delimiter \rgroup on input line 384.
LaTeX Font Info:    Redeclaring math delimiter \bracevert on input line 386.

(/usr/local/lib/TeX/tex/latex/config/latex209.cfg))
(/usr/local/lib/TeX/tex/latex/base/article.cls
Document Class: article 1995/12/20 v1.3q Standard LaTeX document class
(/usr/local/lib/TeX/tex/latex/base/size10.clo
File: size10.clo 1995/12/20 v1.3q Standard LaTeX file (size option)
)
\c@part=\count83
\c@section=\count84
\c@subsection=\count85
\c@subsubsection=\count86
\c@paragraph=\count87
\c@subparagraph=\count88
\c@figure=\count89
\c@table=\count90
\abovecaptionskip=\skip41
\belowcaptionskip=\skip42
Compatibility mode: definition of \rm ignored.
Compatibility mode: definition of \sf ignored.
Compatibility mode: definition of \tt ignored.
Compatibility mode: definition of \bf ignored.
Compatibility mode: definition of \it ignored.
Compatibility mode: definition of \sl ignored.
Compatibility mode: definition of \sc ignored.
LaTeX Info: Redefining \cal on input line 542.
LaTeX Info: Redefining \mit on input line 543.
\bibindent=\dimen105
) (handout1.aux)
LaTeX Font Info:    Checking defaults for OML/cmm/m/it on input line 3.
LaTeX Font Info:    ... okay on input line 3.
LaTeX Font Info:    Checking defaults for T1/cmr/m/n on input line 3.
LaTeX Font Info:    ... okay on input line 3.
LaTeX Font Info:    Checking defaults for OT1/cmr/m/n on input line 3.
LaTeX Font Info:    ... okay on input line 3.
LaTeX Font Info:    Checking defaults for OMS/cmsy/m/n on input line 3.
LaTeX Font Info:    ... okay on input line 3.
LaTeX Font Info:    Checking defaults for OMX/cmex/m/n on input line 3.
LaTeX Font Info:    ... okay on input line 3.
LaTeX Font Info:    Checking defaults for U/cmr/m/n on input line 3.
LaTeX Font Info:    ... okay on input line 3.
LaTeX Font Info:    External font `cmex10' loaded for size
(Font)              <12> on input line 8.
LaTeX Font Info:    External font `cmex10' loaded for size
(Font)              <8> on input line 8.
LaTeX Font Info:    External font `cmex10' loaded for size
(Font)              <6> on input line 8.
LaTeX Font Info:    Try loading font information for U+lasy on input line 8.

(/usr/local/lib/TeX/tex/latex/base/Ulasy.fd
File: Ulasy.fd 1995/11/28 v2.2cLaTeX symbol font definitions
)
LaTeX Font Info:    External font `cmex10' loaded for size
(Font)              <7> on input line 16.
LaTeX Font Info:    External font `cmex10' loaded for size
(Font)              <5> on input line 16.
 [1

] [2] [3] (handout1.aux) ) 
Here is how much of TeX's memory you used:
 411 strings out of 10825
 4192 string characters out of 72028
 48625 words of memory out of 262141
 3304 multiletter control sequences out of 9500
 17998 words of font info for 66 fonts, out of 200000 for 450
 73 hyphenation exceptions out of 607
 21i,7n,19p,433b,268s stack positions out of 300i,40n,60p,3000b,4000s

Output written on handout1.dvi (3 pages, 7448 bytes).
