This is TeX, Version 3.1415 (C version 6.1) (format=latex 96.3.15)  7 JUN 1999 13:19
**s2.tex
(s2.tex
LaTeX2e <1995/12/01> patch level 1
Hyphenation patterns for english, american, german, francais, italian, polish, 
danish, spanish, dutch, portuges, loaded.
(/usr/local/lib/TeX/tex/latex/local/slides/csslides.cls
Document Class: csslides 1997/01/14 v1.2 CS Presentation Slides Class - MXR
(/usr/local/lib/TeX/tex/latex/base/ifthen.sty
Package: ifthen 1995/04/25 v1.0k Standard LaTeX ifthen package (DPC)
)
(/usr/local/lib/TeX/tex/latex/foiltex/foils.cls
Document Class: foils 1995/09/12 v2.0.1 FoilTeX Class File, Copyright IBM 1995
(/usr/local/lib/TeX/tex/latex/foiltex/fltfonts.def
File: fltfonts.def 1995/09/12 v2.0.1 FoilTeX font definition file, Copyright IB
M 1995
\symflasy=\mathgroup4
LaTeX Info: Redefining \em on input line 283.
LaTeX Font Info:    Overwriting symbol font `operators' in version `normal'
(Font)                  OT1/cmr/m/n --> OT1/fcmr/m/n on input line 285.
LaTeX Font Info:    Overwriting symbol font `letters' in version `normal'
(Font)                  OML/cmm/m/it --> OML/fcmm/m/it on input line 286.
LaTeX Font Info:    Overwriting symbol font `symbols' in version `normal'
(Font)                  OMS/cmsy/m/n --> OMS/fcmsy/m/n on input line 287.
LaTeX Font Info:    Overwriting symbol font `largesymbols' in version `normal'
(Font)                  OMX/cmex/m/n --> OMX/fcmex/m/n on input line 288.
LaTeX Font Info:    Overwriting symbol font `operators' in version `bold'
(Font)                  OT1/cmr/bx/n --> OT1/fcmr/bx/n on input line 289.
LaTeX Font Info:    Overwriting symbol font `letters' in version `bold'
(Font)                  OML/cmm/b/it --> OML/fcmm/b/it on input line 290.
LaTeX Font Info:    Overwriting symbol font `symbols' in version `bold'
(Font)                  OMS/cmsy/b/n --> OMS/fcmsy/b/n on input line 291.
LaTeX Font Info:    Overwriting symbol font `largesymbols' in version `bold'
(Font)                  OMX/cmex/m/n --> OMX/fcmex/m/n on input line 292.
LaTeX Font Info:    Redeclaring math alphabet \mathrm on input line 293.
LaTeX Font Info:    Redeclaring math alphabet \mathbf on input line 294.
LaTeX Font Info:    Overwriting math alphabet `\mathbf' in version `normal'
(Font)                  OT1/cmr/bx/n --> OT1/fcmr/bx/n on input line 294.
LaTeX Font Info:    Overwriting math alphabet `\mathbf' in version `bold'
(Font)                  OT1/cmr/bx/n --> OT1/fcmr/bx/n on input line 294.
LaTeX Font Info:    Redeclaring math alphabet \mathsf on input line 295.
LaTeX Font Info:    Overwriting math alphabet `\mathsf' in version `normal'
(Font)                  OT1/cmss/m/n --> OT1/fcmss/m/n on input line 295.
LaTeX Font Info:    Overwriting math alphabet `\mathsf' in version `bold'
(Font)                  OT1/cmss/bx/n --> OT1/fcmss/m/n on input line 295.
LaTeX Font Info:    Redeclaring math alphabet \mathit on input line 296.
LaTeX Font Info:    Overwriting math alphabet `\mathit' in version `normal'
(Font)                  OT1/cmr/m/it --> OT1/fcmr/m/it on input line 296.
LaTeX Font Info:    Overwriting math alphabet `\mathit' in version `bold'
(Font)                  OT1/cmr/bx/it --> OT1/fcmr/m/it on input line 296.
LaTeX Font Info:    Redeclaring math alphabet \mathtt on input line 297.
LaTeX Font Info:    Overwriting math alphabet `\mathtt' in version `normal'
(Font)                  OT1/cmtt/m/n --> OT1/fcmtt/m/n on input line 297.
LaTeX Font Info:    Overwriting math alphabet `\mathtt' in version `bold'
(Font)                  OT1/cmtt/m/n --> OT1/fcmtt/m/n on input line 297.
LaTeX Info: Redefining \cal on input line 298.
LaTeX Info: Redefining \mit on input line 299.
)
(/usr/local/lib/TeX/tex/latex/foiltex/foil20.clo
File: foil20.clo 1995/09/12 v2.0.1 FoilTeX file (size option), Copyright IBM 19
95
)
\head@footskip=\dimen102
\@foilheight=\dimen103
\@foilwidth=\dimen104
\abovetitleskip=\skip41
\titleauthorskip=\skip42
\authorauthorskip=\skip43
\authordateskip=\skip44
\dateabstractskip=\skip45
\bibindent=\dimen105
\abovecaptionskip=\skip46
\belowcaptionskip=\skip47
\captionwidth=\skip48
\abovefloatskip=\skip49
\c@table=\count79
\c@figure=\count80
\foilheadskip=\skip50
\c@Theorem=\count81
\c@Lemma=\count82
\c@Corollary=\count83
\c@Proposition=\count84
\c@Definition=\count85
)
(/usr/local/lib/TeX/tex/latex/graphics/epsfig.sty
Package: epsfig 1994/06/07 1.3 (SPQR)

(/usr/local/lib/TeX/tex/latex/graphics/graphicx.sty
Package: graphicx 1994/11/29 v0.5a Enhanced LaTeX Graphics (DPC,SPQR)

(/usr/local/lib/TeX/tex/latex/graphics/keyval.sty
Package: keyval 1994/09/12 v1.08 key=value parser (DPC)
)
(/usr/local/lib/TeX/tex/latex/graphics/graphics.sty
Package: graphics 1994/12/15 v0.6c Standard LaTeX Graphics (DPC,SPQR)

(/usr/local/lib/TeX/tex/latex/graphics/trig.sty
Package: trig 1994/10/16 v1.08 sin cos tan (DPC)
)
(/usr/local/lib/TeX/tex/latex/config/graphics.cfg)
Package graphics Info: Driver file: dvips.def on input line 88.

(/usr/local/lib/TeX/tex/latex/graphics/dvips.def
File: dvips.def 1994/12/12 v2.6 Driver-dependant file (DPC,SPQR)
))
\Gin@req@height=\dimen106
\Gin@req@width=\dimen107
)
\epsfxsize=\dimen108
\epsfysize=\dimen109
)
\c@section=\count86
\c@subsection=\count87
\c@subsubsection=\count88
\c@paragraph=\count89
\c@subparagraph=\count90
\foiltitleskip=\skip51
)
(/usr/local/lib/TeX/tex/latex/amslatex/amsmath.sty
Package: amsmath 1995/02/23 v1.2b AMS math features
\@mathmargin=\skip52

(/usr/local/lib/TeX/tex/latex/amslatex/amstext.sty
Package: amstext 1995/01/25 v1.2

(/usr/local/lib/TeX/tex/latex/amslatex/amsgen.sty
File: amsgen.sty 1995/01/31 v1.2a
\@emptytoks=\toks15
\ex@=\dimen110
))
(/usr/local/lib/TeX/tex/latex/amslatex/amsbsy.sty
Package: amsbsy 1995/01/20 v1.2
\pmbraise@=\dimen111
)
(/usr/local/lib/TeX/tex/latex/amslatex/amsopn.sty
Package: amsopn 1995/02/20 v1.2a operator names
)
LaTeX Info: Redefining \frac on input line 180.
\uproot@=\count91
\leftroot@=\count92
\classnum@=\count93
\DOTSCASE@=\count94
LaTeX Info: Redefining \dots on input line 327.
LaTeX Info: Redefining \ldots on input line 410.
LaTeX Info: Redefining \cdots on input line 414.
\Mathstrutbox@=\box26
\strutbox@=\box27
\big@size=\dimen112
LaTeX Font Info:    Redeclaring font encoding OML on input line 492.
LaTeX Font Info:    Redeclaring font encoding OMS on input line 493.
\skewcharcount@=\count95
\familycount@=\count96
\pointcount@=\count97
\accentdimen@=\dimen113
\accentmu@=\count98
\minaw@=\dimen114
\c@MaxMatrixCols=\count99
\dotsspace@=\muskip10
\c@parentequation=\count100
\dspbrk@lvl=\count101
\tag@help=\toks16
\row@=\count102
\column@=\count103
\maxfields@=\count104
\andhelp@=\toks17
\eqnshift@=\dimen115
\alignsep@=\dimen116
\tagshift@=\dimen117
\tagwidth@=\dimen118
\totwidth@=\dimen119
\lineht@=\dimen120
\@envbody=\toks18
\multlinegap=\skip53
\multlinetaggap=\skip54
)
(/usr/local/lib/TeX/tex/latex/amslatex/amscd.sty
Package: amscd 1995/01/24 v1.2
\athelp@=\toks19
\bigaw@=\dimen121
\minCDarrowwidth=\dimen122
)
(/usr/local/lib/TeX/tex/latex/amsfonts/amssymb.sty
Package: amssymb 1995/02/01 v2.2a

(/usr/local/lib/TeX/tex/latex/amsfonts/amsfonts.sty
Package: amsfonts 1995/02/01 v2.2b
\symAMSa=\mathgroup5
\symAMSb=\mathgroup6
LaTeX Font Info:    Overwriting math alphabet `\mathfrak' in version `bold'
(Font)                  U/euf/m/n --> U/euf/b/n on input line 128.
))
(/usr/local/lib/TeX/tex/latex/fonts/public/stmary/stmaryrd.sty
Package: stmaryrd 1994/03/03 St Mary's Road symbol package
\symstmry=\mathgroup7
LaTeX Font Info:    Overwriting symbol font `stmry' in version `bold'
(Font)                  U/stmry/m/n --> U/stmry/b/n on input line 80.
) (s2.aux)
LaTeX Font Info:    Checking defaults for OML/cmm/m/it on input line 17.
LaTeX Font Info:    ... okay on input line 17.
LaTeX Font Info:    Checking defaults for T1/cmr/m/n on input line 17.
LaTeX Font Info:    ... okay on input line 17.
LaTeX Font Info:    Checking defaults for OT1/cmr/m/n on input line 17.
LaTeX Font Info:    ... okay on input line 17.
LaTeX Font Info:    Checking defaults for OMS/cmsy/m/n on input line 17.
LaTeX Font Info:    ... okay on input line 17.
LaTeX Font Info:    Checking defaults for OMX/cmex/m/n on input line 17.
LaTeX Font Info:    ... okay on input line 17.
LaTeX Font Info:    Checking defaults for U/cmr/m/n on input line 17.
LaTeX Font Info:    ... okay on input line 17.
LaTeX Font Info:    Try loading font information for U+msa on input line 28.

(/usr/local/lib/TeX/tex/latex/amsfonts/Umsa.fd
File: Umsa.fd 1995/01/05 v2.2e AMS font definitions
)
LaTeX Font Info:    Try loading font information for U+msb on input line 28.

(/usr/local/lib/TeX/tex/latex/amsfonts/Umsb.fd
File: Umsb.fd 1995/01/05 v2.2e AMS font definitions
)
LaTeX Font Info:    Try loading font information for U+stmry on input line 28.

(/usr/local/lib/TeX/tex/latex/fonts/public/stmary/Ustmry.fd)
File: eushield.ps Graphic file (type eps)
 <eushield.ps>
[1

]
File: eushield.ps Graphic file (type eps)
 <eushield.ps> [2]
File: eushield.ps Graphic file (type eps)
 <eushield.ps> [3]
File: eushield.ps Graphic file (type eps)
 <eushield.ps> [4]
File: eushield.ps Graphic file (type eps)
 <eushield.ps>
[5]
File: eushield.ps Graphic file (type eps)
 <eushield.ps> [6]
Overfull \hbox (57.26186pt too wide) in paragraph at lines 175--175
[]  
 []


Overfull \hbox (57.26186pt too wide) in alignment at lines 174--175
 [] 
 []


Overfull \hbox (19.87715pt too wide) in paragraph at lines 196--196
[]  
 []


Overfull \hbox (19.87715pt too wide) in alignment at lines 190--196
 [] 
 []

File: eushield.ps Graphic file (type eps)
<eushield.ps> [7]
File: eushield.ps Graphic file (type eps)
 <eushield.ps> [8] (s2.aux) ) 
Here is how much of TeX's memory you used:
 1950 strings out of 10825
 22413 string characters out of 72028
 66104 words of memory out of 262141
 4750 multiletter control sequences out of 9500
 10723 words of font info for 43 fonts, out of 200000 for 450
 73 hyphenation exceptions out of 607
 39i,19n,25p,292b,250s stack positions out of 300i,40n,60p,3000b,4000s

Output written on s2.dvi (8 pages, 9092 bytes).
