This is TeX, Version 3.1415 (C version 6.1) (format=latex 96.3.15)  2 JUN 1999 13:18
**summary
(summary.tex
LaTeX2e <1995/12/01> patch level 1
Hyphenation patterns for english, american, german, francais, italian, polish, 
danish, spanish, dutch, portuges, loaded.
(/usr/local/lib/TeX/tex/latex/base/article.cls
Document Class: article 1995/12/20 v1.3q Standard LaTeX document class
(/usr/local/lib/TeX/tex/latex/base/size12.clo
File: size12.clo 1995/12/20 v1.3q Standard LaTeX file (size option)
)
\c@part=\count79
\c@section=\count80
\c@subsection=\count81
\c@subsubsection=\count82
\c@paragraph=\count83
\c@subparagraph=\count84
\c@figure=\count85
\c@table=\count86
\abovecaptionskip=\skip41
\belowcaptionskip=\skip42
\bibindent=\dimen102
)
(/usr/local/lib/TeX/tex/latex/misc/a4.sty
Package: a4 1995/08/10 v1.2d A4 based page layout
)
(/usr/local/lib/TeX/tex/latex/fonts/public/stmary/stmaryrd.sty
Package: stmaryrd 1994/03/03 St Mary's Road symbol package
\symstmry=\mathgroup4
LaTeX Font Info:    Overwriting symbol font `stmry' in version `bold'
(Font)                  U/stmry/m/n --> U/stmry/b/n on input line 80.
)
(/usr/local/lib/TeX/tex/latex/amsfonts/amsfonts.sty
Package: amsfonts 1995/02/01 v2.2b
\@emptytoks=\toks15
\symAMSa=\mathgroup5
\symAMSb=\mathgroup6
LaTeX Font Info:    Overwriting math alphabet `\mathfrak' in version `bold'
(Font)                  U/euf/m/n --> U/euf/b/n on input line 128.
) (summary.aux)
LaTeX Font Info:    Checking defaults for OML/cmm/m/it on input line 14.
LaTeX Font Info:    ... okay on input line 14.
LaTeX Font Info:    Checking defaults for T1/cmr/m/n on input line 14.
LaTeX Font Info:    ... okay on input line 14.
LaTeX Font Info:    Checking defaults for OT1/cmr/m/n on input line 14.
LaTeX Font Info:    ... okay on input line 14.
LaTeX Font Info:    Checking defaults for OMS/cmsy/m/n on input line 14.
LaTeX Font Info:    ... okay on input line 14.
LaTeX Font Info:    Checking defaults for OMX/cmex/m/n on input line 14.
LaTeX Font Info:    ... okay on input line 14.
LaTeX Font Info:    Checking defaults for U/cmr/m/n on input line 14.
LaTeX Font Info:    ... okay on input line 14.
LaTeX Font Info:    Try loading font information for U+stmry on input line 16.

(/usr/local/lib/TeX/tex/latex/fonts/public/stmary/Ustmry.fd)
LaTeX Font Info:    Try loading font information for U+msa on input line 16.

(/usr/local/lib/TeX/tex/latex/amsfonts/Umsa.fd
File: Umsa.fd 1995/01/05 v2.2e AMS font definitions
)
LaTeX Font Info:    Try loading font information for U+msb on input line 16.

(/usr/local/lib/TeX/tex/latex/amsfonts/Umsb.fd
File: Umsb.fd 1995/01/05 v2.2e AMS font definitions
) [1

]

LaTeX Warning: Citation `kn:Brouwer' on page 2 undefined on input line 84.

[2] [3] [4]
Underfull \hbox (badness 1478) in paragraph at lines 266--270
[][]\OT1/cmr/m/n/12 A. Edalat, P.J. Potts. \OT1/cmr/m/it/12 A New Rep-res-ent-a
-tion for Ex-act Real Num-
 []


Underfull \hbox (badness 2368) in paragraph at lines 266--270
\OT1/cmr/m/it/12 bers. \OT1/cmr/m/n/12 Elec-tronic Notes in The-or-et-ical Com-
puter Sci-ence, volume 6.
 []


Underfull \hbox (badness 10000) in paragraph at lines 271--276
[][]\OT1/cmr/m/n/12 Mart^^S^^Pn Es-card^^So. \OT1/cmr/m/it/12 Ef-fect-ive and s
e-quen-tial defin-i-tion by cases on
 []


Underfull \hbox (badness 10000) in paragraph at lines 271--276
\OT1/cmr/m/it/12 the reals via in-fin-ite signed-digit nu-mer-als. \OT1/cmr/m/n
/12 In Elec-tronic Notes
 []


Underfull \hbox (badness 10000) in paragraph at lines 271--276
\OT1/cmr/m/n/12 in The-or-et-ical Com-puter Sci-ence, volume 13. Avail-able fro
m
 []


Underfull \hbox (badness 10000) in paragraph at lines 277--280
[][]\OT1/cmr/m/n/12 Pietro Di Gi-ananto-nio. \OT1/cmr/m/it/12 A Golden Ra-tio N
ota-tion for the
 []


Underfull \hbox (badness 10000) in paragraph at lines 277--280
\OT1/cmr/m/it/12 Real Num-bers. \OT1/cmr/m/n/12 CWI Tech-nical Re-port. Avail-a
ble from
 []

[5] [6] (summary.aux)

LaTeX Warning: There were undefined references.


LaTeX Warning: Label(s) may have changed. Rerun to get cross-references right.

 ) 
Here is how much of TeX's memory you used:
 519 strings out of 10825
 5533 string characters out of 72028
 49345 words of memory out of 262141
 3417 multiletter control sequences out of 9500
 13676 words of font info for 54 fonts, out of 200000 for 450
 73 hyphenation exceptions out of 607
 22i,7n,22p,150b,283s stack positions out of 300i,40n,60p,3000b,4000s

Output written on summary.dvi (6 pages, 20516 bytes).
